{
  "0 debug pnpm:scope": {
    "selected": 1
  },
  "1 error pnpm": {
    "code": "ELIFECYCLE",
    "errno": "ENOENT",
    "syscall": "spawn",
    "file": "sh",
    "pkgid": "node-nodejs-basics@1.0.0",
    "stage": "fs:list",
    "script": "/src/fs/list.js",
    "pkgname": "node-nodejs-basics",
    "err": {
      "name": "pnpm",
      "message": "node-nodejs-basics@1.0.0 fs:list: `/src/fs/list.js`\nspawn ENOENT",
      "code": "ELIFECYCLE",
      "stack": "pnpm: node-nodejs-basics@1.0.0 fs:list: `/src/fs/list.js`\nspawn ENOENT\n    at ChildProcess.<anonymous> (/home/bukulele/.nvm/versions/node/v16.15.0/lib/node_modules/pnpm/dist/pnpm.cjs:93511:22)\n    at ChildProcess.emit (node:events:527:28)\n    at maybeClose (node:internal/child_process:1092:16)\n    at Process.ChildProcess._handle.onexit (node:internal/child_process:302:5)"
    }
  },
  "2 warn pnpm:global": " Local package.json exists, but node_modules missing, did you mean to install?"
}